<?xml version="1.0" encoding="UTF-8"?>
<testsuite xmlns:xsi="http://www.w3.org/2001/XMLSchema-instance" xsi:noNamespaceSchemaLocation="https://maven.apache.org/surefire/maven-surefire-plugin/xsd/surefire-test-report-3.0.xsd" version="3.0" name="com.bankofhassan.ClientTest" time="0.122" tests="5" errors="0" skipped="0" failures="0">
  <properties>
[...]
</properties>
  <testcase name="testRecherchecompteExist" classname="com.bankofhassan.ClientTest" time="0.029"/>
  <testcase name="testRecherchecompteNonExist" classname="com.bankofhassan.ClientTest" time="0.004"/>
  <testcase name="testAddCompte" classname="com.bankofhassan.ClientTest" time="0.002"/>
  <testcase name="testToJson" classname="com.bankofhassan.ClientTest" time="0.054"/>
  <testcase name="testCreateCompte" classname="com.bankofhassan.ClientTest" time="0.001"/>
</testsuite>